02/09/11 11:58:37 AM - Configuring build for final release...
02/09/11 11:58:38 AM - Building message catalogs...
02/09/11 11:58:38 AM - Building Linux x86 install...  
02/09/11 11:58:38 AM - Building main.tcl...
02/09/11 11:58:38 AM - Refreshing file groups...
02/09/11 11:58:38 AM - Getting file list...
02/09/11 11:58:38 AM - Building file manifest...
02/09/11 11:58:38 AM - Saving install information...
02/09/11 11:58:39 AM - Building install...
02/09/11 11:58:40 AM - Building install executable...
02/09/11 11:58:40 AM - Linux x86 build completed in 00m02s.
02/09/11 11:58:40 AM - Installer size is 1.32 MB.
02/09/11 11:58:40 AM - Building Windows install...  
02/09/11 11:58:40 AM - Require Administrator changed.  Doing a full build...
02/09/11 11:58:40 AM - Building main.tcl...
02/09/11 11:58:40 AM - Getting file list...
02/09/11 11:58:40 AM - Building file manifest...
02/09/11 11:58:40 AM - Saving install information...
02/09/11 11:58:42 AM - Building install...
02/09/11 11:58:42 AM - Building install executable...
02/09/11 11:58:49 AM - Windows build completed in 00m09s.
02/09/11 11:58:49 AM - Installer size is 1.48 MB.
02/09/11 11:58:49 AM - Build completed in 00m12s.
02/09/11 12:00:27 PM - Configuring build for final release...
02/09/11 12:00:27 PM - Building message catalogs...
02/09/11 12:00:27 PM - Building Linux x86 install...  
02/09/11 12:00:27 PM - Building main.tcl...
02/09/11 12:00:27 PM - Refreshing file groups...
02/09/11 12:00:27 PM - Getting file list...
02/09/11 12:00:27 PM - Building file manifest...
02/09/11 12:00:27 PM - Saving install information...
02/09/11 12:00:28 PM - Building install...
02/09/11 12:00:28 PM - Building install executable...
02/09/11 12:00:29 PM - Linux x86 build completed in 00m02s.
02/09/11 12:00:29 PM - Installer size is 1.32 MB.
02/09/11 12:00:29 PM - Building Windows install...  
02/09/11 12:00:29 PM - Building main.tcl...
02/09/11 12:00:29 PM - Getting file list...
02/09/11 12:00:29 PM - Building file manifest...
02/09/11 12:00:29 PM - Saving install information...
02/09/11 12:00:30 PM - Building install...
02/09/11 12:00:30 PM - Building install executable...
02/09/11 12:00:37 PM - Windows build completed in 00m08s.
02/09/11 12:00:37 PM - Installer size is 1.48 MB.
02/09/11 12:00:37 PM - Build completed in 00m10s.
02/09/11 12:10:03 PM - Configuring build for final release...
02/09/11 12:10:04 PM - Building message catalogs...
02/09/11 12:10:04 PM - Building Linux x86 install...  
02/09/11 12:10:04 PM - Building main.tcl...
02/09/11 12:10:04 PM - Refreshing file groups...
02/09/11 12:10:04 PM - Getting file list...
02/09/11 12:10:04 PM - Building file manifest...
02/09/11 12:10:04 PM - Saving install information...
02/09/11 12:10:05 PM - Building install...
02/09/11 12:10:05 PM - Building install executable...
02/09/11 12:10:06 PM - Linux x86 build completed in 00m02s.
02/09/11 12:10:06 PM - Installer size is 1.32 MB.
02/09/11 12:10:06 PM - Building Windows install...  
02/09/11 12:10:06 PM - Building main.tcl...
02/09/11 12:10:06 PM - Getting file list...
02/09/11 12:10:06 PM - Building file manifest...
02/09/11 12:10:06 PM - Saving install information...
02/09/11 12:10:07 PM - Building install...
02/09/11 12:10:07 PM - Building install executable...
02/09/11 12:10:14 PM - Windows build completed in 00m08s.
02/09/11 12:10:14 PM - Installer size is 1.48 MB.
02/09/11 12:10:14 PM - Build completed in 00m10s.
02/09/11 12:12:12 PM - Configuring build for final release...
02/09/11 12:12:12 PM - Building message catalogs...
02/09/11 12:12:12 PM - Building Linux x86 install...  
02/09/11 12:12:12 PM - Building main.tcl...
02/09/11 12:12:12 PM - Refreshing file groups...
02/09/11 12:12:12 PM - Getting file list...
02/09/11 12:12:12 PM - Building file manifest...
02/09/11 12:12:12 PM - Saving install information...
02/09/11 12:12:13 PM - Building install...
02/09/11 12:12:14 PM - Building install executable...
02/09/11 12:12:14 PM - Linux x86 build completed in 00m02s.
02/09/11 12:12:14 PM - Installer size is 1.32 MB.
02/09/11 12:12:14 PM - Building Windows install...  
02/09/11 12:12:14 PM - Building main.tcl...
02/09/11 12:12:14 PM - Getting file list...
02/09/11 12:12:14 PM - Building file manifest...
02/09/11 12:12:14 PM - Saving install information...
02/09/11 12:12:15 PM - Building install...
02/09/11 12:12:15 PM - Building install executable...
02/09/11 12:12:22 PM - Windows build completed in 00m08s.
02/09/11 12:12:22 PM - Installer size is 1.48 MB.
02/09/11 12:12:22 PM - Build completed in 00m10s.
02/09/11 12:20:08 PM - Configuring build for final release...
02/09/11 12:20:08 PM - Building message catalogs...
02/09/11 12:20:08 PM - Building Linux x86 install...  
02/09/11 12:20:08 PM - Building main.tcl...
02/09/11 12:20:08 PM - Refreshing file groups...
02/09/11 12:20:08 PM - Getting file list...
02/09/11 12:20:08 PM - Building file manifest...
02/09/11 12:20:08 PM - Saving install information...
02/09/11 12:20:10 PM - Building install...
02/09/11 12:20:10 PM - Building install executable...
02/09/11 12:20:10 PM - Linux x86 build completed in 00m02s.
02/09/11 12:20:10 PM - Installer size is 1.33 MB.
02/09/11 12:20:10 PM - Building Windows install...  
02/09/11 12:20:10 PM - Building main.tcl...
02/09/11 12:20:10 PM - Getting file list...
02/09/11 12:20:10 PM - Building file manifest...
02/09/11 12:20:10 PM - Saving install information...
02/09/11 12:20:12 PM - Building install...
02/09/11 12:20:12 PM - Building install executable...
02/09/11 12:20:19 PM - Windows build completed in 00m09s.
02/09/11 12:20:19 PM - Installer size is 1.49 MB.
02/09/11 12:20:19 PM - Build completed in 00m11s.
02/09/11 12:21:48 PM - Configuring build for final release...
02/09/11 12:21:48 PM - Building message catalogs...
02/09/11 12:21:48 PM - Building Linux x86 install...  
02/09/11 12:21:48 PM - Building main.tcl...
02/09/11 12:21:48 PM - Refreshing file groups...
02/09/11 12:21:48 PM - Getting file list...
02/09/11 12:21:48 PM - Building file manifest...
02/09/11 12:21:48 PM - Saving install information...
02/09/11 12:21:50 PM - Building install...
02/09/11 12:21:50 PM - Building install executable...
02/09/11 12:21:50 PM - Linux x86 build completed in 00m02s.
02/09/11 12:21:50 PM - Installer size is 1.33 MB.
02/09/11 12:21:50 PM - Building Windows install...  
02/09/11 12:21:50 PM - Building main.tcl...
02/09/11 12:21:50 PM - Getting file list...
02/09/11 12:21:51 PM - Building file manifest...
02/09/11 12:21:51 PM - Saving install information...
02/09/11 12:21:52 PM - Building install...
02/09/11 12:21:52 PM - Building install executable...
02/09/11 12:22:00 PM - Windows build completed in 00m10s.
02/09/11 12:22:00 PM - Installer size is 1.52 MB.
02/09/11 12:22:00 PM - Build completed in 00m12s.
02/09/11 01:22:00 PM - Configuring build for final release...
02/09/11 01:22:00 PM - Building message catalogs...
02/09/11 01:22:00 PM - Building Linux x86 install...  
02/09/11 01:22:00 PM - Building main.tcl...
02/09/11 01:22:00 PM - Refreshing file groups...
02/09/11 01:22:00 PM - Getting file list...
02/09/11 01:22:00 PM - Building file manifest...
02/09/11 01:22:00 PM - Saving install information...
02/09/11 01:22:01 PM - Building install...
02/09/11 01:22:01 PM - Building install executable...
02/09/11 01:22:02 PM - Linux x86 build completed in 00m02s.
02/09/11 01:22:02 PM - Installer size is 2.83 MB.
02/09/11 01:22:02 PM - Building Windows install...  
02/09/11 01:22:02 PM - Building main.tcl...
02/09/11 01:22:02 PM - Getting file list...
02/09/11 01:22:02 PM - Building file manifest...
02/09/11 01:22:02 PM - Saving install information...
02/09/11 01:22:04 PM - Building install...
02/09/11 01:22:04 PM - Building install executable...
02/09/11 01:22:14 PM - Windows build completed in 00m12s.
02/09/11 01:22:14 PM - Installer size is 3.01 MB.
02/09/11 01:22:14 PM - Build completed in 00m14s.
02/09/11 03:07:15 PM - Configuring build for final release...
02/09/11 03:07:15 PM - Building message catalogs...
02/09/11 03:07:16 PM - Building Linux x86 install...  
02/09/11 03:07:16 PM - Building main.tcl...
02/09/11 03:07:16 PM - Refreshing file groups...
02/09/11 03:07:16 PM - Getting file list...
02/09/11 03:07:16 PM - Building file manifest...
02/09/11 03:07:16 PM - Saving install information...
02/09/11 03:07:18 PM - Building install...
02/09/11 03:07:18 PM - Building install executable...
02/09/11 03:07:19 PM - Linux x86 build completed in 00m03s.
02/09/11 03:07:19 PM - Installer size is 2.89 MB.
02/09/11 03:07:19 PM - Building Windows install...  
02/09/11 03:07:19 PM - Building main.tcl...
02/09/11 03:07:20 PM - Getting file list...
02/09/11 03:07:20 PM - Building file manifest...
02/09/11 03:07:20 PM - Saving install information...
02/09/11 03:07:21 PM - Building install...
02/09/11 03:07:21 PM - Building install executable...
02/09/11 03:07:29 PM - Windows build completed in 00m10s.
02/09/11 03:07:29 PM - Installer size is 3.03 MB.
02/09/11 03:07:29 PM - Build completed in 00m14s.
02/09/11 03:12:57 PM - Configuring build for final release...
02/09/11 03:12:57 PM - Building message catalogs...
02/09/11 03:12:57 PM - Building Linux x86 install...  
02/09/11 03:12:57 PM - Building main.tcl...
02/09/11 03:12:57 PM - Refreshing file groups...
02/09/11 03:12:57 PM - Getting file list...
02/09/11 03:12:57 PM - Building file manifest...
02/09/11 03:12:57 PM - Saving install information...
02/09/11 03:12:59 PM - Building install...
02/09/11 03:12:59 PM - Building install executable...
02/09/11 03:12:59 PM - Linux x86 build completed in 00m02s.
02/09/11 03:12:59 PM - Installer size is 2.89 MB.
02/09/11 03:12:59 PM - Building Windows install...  
02/09/11 03:12:59 PM - Building main.tcl...
02/09/11 03:12:59 PM - Getting file list...
02/09/11 03:12:59 PM - Building file manifest...
02/09/11 03:12:59 PM - Saving install information...
02/09/11 03:13:01 PM - Building install...
02/09/11 03:13:01 PM - Building install executable...
02/09/11 03:13:06 PM - Windows build completed in 00m07s.
02/09/11 03:13:06 PM - Installer size is 3.03 MB.
02/09/11 03:13:06 PM - Build completed in 00m09s.
02/09/11 04:09:12 PM - Building message catalogs...
02/09/11 04:09:12 PM - Building Linux x86 install...  
02/09/11 04:09:12 PM - Building main.tcl...
02/09/11 04:09:12 PM - Refreshing file groups...
02/09/11 04:09:12 PM - Getting file list...
02/09/11 04:09:12 PM - Building file manifest...
02/09/11 04:09:12 PM - Saving install information...
02/09/11 04:09:14 PM - Building install...
02/09/11 04:09:14 PM - Building install executable...
02/09/11 04:09:14 PM - Linux x86 build completed in 00m02s.
02/09/11 04:09:14 PM - Installer size is 2.89 MB.
02/09/11 04:09:14 PM - Building Windows install...  
02/09/11 04:09:14 PM - Building main.tcl...
02/09/11 04:09:14 PM - Getting file list...
02/09/11 04:09:14 PM - Building file manifest...
02/09/11 04:09:15 PM - Saving install information...
02/09/11 04:09:16 PM - Building install...
02/09/11 04:09:16 PM - Building install executable...
02/09/11 04:09:21 PM - Windows build completed in 00m07s.
02/09/11 04:09:21 PM - Installer size is 3.03 MB.
02/09/11 04:09:21 PM - Build completed in 00m09s.
02/09/11 04:23:46 PM - Configuring build for final release...
02/09/11 04:23:46 PM - Building message catalogs...
02/09/11 04:23:46 PM - Building Linux x86 install...  
02/09/11 04:23:46 PM - Building main.tcl...
02/09/11 04:23:46 PM - Refreshing file groups...
02/09/11 04:23:46 PM - Getting file list...
02/09/11 04:23:46 PM - Building file manifest...
02/09/11 04:23:46 PM - Saving install information...
02/09/11 04:23:47 PM - Building install...
02/09/11 04:23:47 PM - Building install executable...
02/09/11 04:23:48 PM - Linux x86 build completed in 00m02s.
02/09/11 04:23:48 PM - Installer size is 2.89 MB.
02/09/11 04:23:48 PM - Building Windows install...  
02/09/11 04:23:48 PM - Building main.tcl...
02/09/11 04:23:48 PM - Getting file list...
02/09/11 04:23:48 PM - Building file manifest...
02/09/11 04:23:48 PM - Saving install information...
02/09/11 04:23:49 PM - Building install...
02/09/11 04:23:49 PM - Building install executable...
02/09/11 04:23:55 PM - Windows build completed in 00m07s.
02/09/11 04:23:55 PM - Installer size is 3.03 MB.
02/09/11 04:23:55 PM - Build completed in 00m09s.
02/09/11 04:38:16 PM - Configuring build for final release...
02/09/11 04:38:16 PM - Building message catalogs...
02/09/11 04:38:16 PM - Building Linux x86 install...  
02/09/11 04:38:16 PM - Building main.tcl...
02/09/11 04:38:16 PM - Refreshing file groups...
02/09/11 04:38:17 PM - Getting file list...
02/09/11 04:38:17 PM - Building file manifest...
02/09/11 04:38:17 PM - Saving install information...
02/09/11 04:38:18 PM - Building install...
02/09/11 04:38:18 PM - Building install executable...
02/09/11 04:38:19 PM - Linux x86 build completed in 00m03s.
02/09/11 04:38:19 PM - Installer size is 2.87 MB.
02/09/11 04:38:19 PM - Build completed in 00m03s.
02/09/11 04:58:33 PM - Building message catalogs...
02/09/11 04:58:33 PM - Building Linux x86 install...  
02/09/11 04:58:33 PM - Building main.tcl...
02/09/11 04:58:33 PM - Refreshing file groups...
02/09/11 04:58:33 PM - Getting file list...
02/09/11 04:58:33 PM - Building file manifest...
02/09/11 04:58:33 PM - Saving install information...
02/09/11 04:58:35 PM - Building install...
02/09/11 04:58:35 PM - Building install executable...
02/09/11 04:58:35 PM - Linux x86 build completed in 00m02s.
02/09/11 04:58:35 PM - Installer size is 2.87 MB.
02/09/11 04:58:35 PM - Build completed in 00m02s.
02/09/11 05:07:52 PM - Configuring build for final release...
02/09/11 05:07:52 PM - Building message catalogs...
02/09/11 05:07:52 PM - Building Linux x86 install...  
02/09/11 05:07:52 PM - Building main.tcl...
02/09/11 05:07:52 PM - Refreshing file groups...
02/09/11 05:07:52 PM - Getting file list...
02/09/11 05:07:52 PM - Building file manifest...
02/09/11 05:07:52 PM - Saving install information...
02/09/11 05:07:53 PM - Building install...
02/09/11 05:07:53 PM - Building install executable...
02/09/11 05:07:54 PM - Linux x86 build completed in 00m02s.
02/09/11 05:07:54 PM - Installer size is 2.86 MB.
02/09/11 05:07:54 PM - Build completed in 00m02s.
02/09/11 05:14:26 PM - Configuring build for final release...
02/09/11 05:14:26 PM - Building message catalogs...
02/09/11 05:14:26 PM - Building Linux x86 install...  
02/09/11 05:14:26 PM - Building main.tcl...
02/09/11 05:14:26 PM - Refreshing file groups...
02/09/11 05:14:26 PM - Getting file list...
02/09/11 05:14:26 PM - Building file manifest...
02/09/11 05:14:26 PM - Saving install information...
02/09/11 05:14:27 PM - Building install...
02/09/11 05:14:28 PM - Building install executable...
02/09/11 05:14:28 PM - Linux x86 build completed in 00m02s.
02/09/11 05:14:28 PM - Installer size is 2.87 MB.
02/09/11 05:14:28 PM - Building Windows install...  
02/09/11 05:14:28 PM - Building main.tcl...
02/09/11 05:14:28 PM - Getting file list...
02/09/11 05:14:28 PM - Building file manifest...
02/09/11 05:14:28 PM - Saving install information...
02/09/11 05:14:29 PM - Building install...
02/09/11 05:14:29 PM - Building install executable...
02/09/11 05:14:35 PM - Windows build completed in 00m07s.
02/09/11 05:14:35 PM - Installer size is 3.03 MB.
02/09/11 05:14:35 PM - Build completed in 00m09s.
02/09/11 05:20:20 PM - Configuring build for final release...
02/09/11 05:20:20 PM - Building message catalogs...
02/09/11 05:20:20 PM - Building Linux x86 install...  
02/09/11 05:20:20 PM - Building main.tcl...
02/09/11 05:20:20 PM - Refreshing file groups...
02/09/11 05:20:20 PM - Getting file list...
02/09/11 05:20:20 PM - Building file manifest...
02/09/11 05:20:20 PM - Saving install information...
02/09/11 05:20:21 PM - Building install...
02/09/11 05:20:21 PM - Building install executable...
02/09/11 05:20:22 PM - Linux x86 build completed in 00m02s.
02/09/11 05:20:22 PM - Installer size is 2.86 MB.
02/09/11 05:20:22 PM - Building Windows install...  
02/09/11 05:20:22 PM - Building main.tcl...
02/09/11 05:20:22 PM - Getting file list...
02/09/11 05:20:22 PM - Building file manifest...
02/09/11 05:20:22 PM - Saving install information...
02/09/11 05:20:23 PM - Building install...
02/09/11 05:20:23 PM - Building install executable...
02/09/11 05:20:29 PM - Windows build completed in 00m07s.
02/09/11 05:20:29 PM - Installer size is 3.03 MB.
02/09/11 05:20:29 PM - Build completed in 00m09s.
02/09/11 05:25:30 PM - Configuring build for final release...
02/09/11 05:25:30 PM - Building message catalogs...
02/09/11 05:25:31 PM - Building Linux x86 install...  
02/09/11 05:25:31 PM - Building main.tcl...
02/09/11 05:25:31 PM - Refreshing file groups...
02/09/11 05:25:31 PM - Getting file list...
02/09/11 05:25:31 PM - Building file manifest...
02/09/11 05:25:31 PM - Saving install information...
02/09/11 05:25:32 PM - Building install...
02/09/11 05:25:32 PM - Building install executable...
02/09/11 05:25:33 PM - Linux x86 build completed in 00m03s.
02/09/11 05:25:33 PM - Installer size is 2.86 MB.
02/09/11 05:25:33 PM - Building Windows install...  
02/09/11 05:25:33 PM - Building main.tcl...
02/09/11 05:25:33 PM - Getting file list...
02/09/11 05:25:33 PM - Building file manifest...
02/09/11 05:25:33 PM - Saving install information...
02/09/11 05:25:34 PM - Building install...
02/09/11 05:25:34 PM - Building install executable...
02/09/11 05:25:40 PM - Windows build completed in 00m07s.
02/09/11 05:25:40 PM - Installer size is 3.03 MB.
02/09/11 05:25:40 PM - Build completed in 00m10s.
02/09/11 05:27:17 PM - Configuring build for final release...
02/09/11 05:27:17 PM - Building message catalogs...
02/09/11 05:27:17 PM - Building Linux x86 install...  
02/09/11 05:27:17 PM - Building main.tcl...
02/09/11 05:27:17 PM - Refreshing file groups...
02/09/11 05:27:17 PM - Getting file list...
02/09/11 05:27:18 PM - Building file manifest...
02/09/11 05:27:18 PM - Saving install information...
02/09/11 05:27:19 PM - Building install...
02/09/11 05:27:19 PM - Building install executable...
02/09/11 05:27:20 PM - Linux x86 build completed in 00m03s.
02/09/11 05:27:20 PM - Installer size is 2.86 MB.
02/09/11 05:27:20 PM - Building Windows install...  
02/09/11 05:27:20 PM - Building main.tcl...
02/09/11 05:27:20 PM - Getting file list...
02/09/11 05:27:20 PM - Building file manifest...
02/09/11 05:27:20 PM - Saving install information...
02/09/11 05:27:21 PM - Building install...
02/09/11 05:27:21 PM - Building install executable...
02/09/11 05:27:27 PM - Windows build completed in 00m07s.
02/09/11 05:27:27 PM - Installer size is 3.03 MB.
02/09/11 05:27:27 PM - Build completed in 00m10s.
02/09/11 05:37:33 PM - Configuring build for final release...
02/09/11 05:37:33 PM - Building message catalogs...
02/09/11 05:37:33 PM - Building Linux x86 install...  
02/09/11 05:37:33 PM - Building main.tcl...
02/09/11 05:37:33 PM - Refreshing file groups...
02/09/11 05:37:33 PM - Getting file list...
02/09/11 05:37:33 PM - Building file manifest...
02/09/11 05:37:33 PM - Saving install information...
02/09/11 05:37:34 PM - Building install...
02/09/11 05:37:34 PM - Building install executable...
02/09/11 05:37:35 PM - Linux x86 build completed in 00m02s.
02/09/11 05:37:35 PM - Installer size is 2.86 MB.
02/09/11 05:37:35 PM - Building Windows install...  
02/09/11 05:37:35 PM - Building main.tcl...
02/09/11 05:37:35 PM - Getting file list...
02/09/11 05:37:35 PM - Building file manifest...
02/09/11 05:37:35 PM - Saving install information...
02/09/11 05:37:36 PM - Building install...
02/09/11 05:37:36 PM - Building install executable...
02/09/11 05:37:41 PM - Windows build completed in 00m06s.
02/09/11 05:37:41 PM - Installer size is 3.03 MB.
02/09/11 05:37:41 PM - Build completed in 00m08s.
02/09/11 05:39:58 PM - Configuring build for final release...
02/09/11 05:39:58 PM - Building message catalogs...
02/09/11 05:39:58 PM - Building Linux x86 install...  
02/09/11 05:39:58 PM - Building main.tcl...
02/09/11 05:39:58 PM - Refreshing file groups...
02/09/11 05:39:58 PM - Getting file list...
02/09/11 05:39:59 PM - Building file manifest...
02/09/11 05:39:59 PM - Saving install information...
02/09/11 05:40:00 PM - Building install...
02/09/11 05:40:00 PM - Building install executable...
02/09/11 05:40:01 PM - Linux x86 build completed in 00m03s.
02/09/11 05:40:01 PM - Installer size is 2.86 MB.
02/09/11 05:40:01 PM - Building Windows install...  
02/09/11 05:40:01 PM - Building main.tcl...
02/09/11 05:40:01 PM - Getting file list...
02/09/11 05:40:01 PM - Building file manifest...
02/09/11 05:40:01 PM - Saving install information...
02/09/11 05:40:02 PM - Building install...
02/09/11 05:40:02 PM - Building install executable...
02/09/11 05:40:08 PM - Windows build completed in 00m07s.
02/09/11 05:40:08 PM - Installer size is 3.03 MB.
02/09/11 05:40:08 PM - Build completed in 00m10s.
02/09/11 05:42:03 PM - Building message catalogs...
02/09/11 05:42:03 PM - Building Linux x86 install...  
02/09/11 05:42:03 PM - Building main.tcl...
02/09/11 05:42:03 PM - Refreshing file groups...
02/09/11 05:42:03 PM - Getting file list...
02/09/11 05:42:03 PM - Building file manifest...
02/09/11 05:42:03 PM - Saving install information...
02/09/11 05:42:04 PM - Building install...
02/09/11 05:42:04 PM - Building install executable...
02/09/11 05:42:05 PM - Linux x86 build completed in 00m02s.
02/09/11 05:42:05 PM - Installer size is 2.86 MB.
02/09/11 05:42:05 PM - Building Windows install...  
02/09/11 05:42:05 PM - Building main.tcl...
02/09/11 05:42:05 PM - Getting file list...
02/09/11 05:42:05 PM - Building file manifest...
02/09/11 05:42:05 PM - Saving install information...
02/09/11 05:42:06 PM - Building install...
02/09/11 05:42:06 PM - Building install executable...
02/09/11 05:42:12 PM - Windows build completed in 00m07s.
02/09/11 05:42:13 PM - Installer size is 3.03 MB.
02/09/11 05:42:13 PM - Build completed in 00m10s.
02/09/11 06:25:53 PM - Configuring build for final release...
02/09/11 06:25:53 PM - Building message catalogs...
02/09/11 06:25:53 PM - Building Linux x86 install...  
02/09/11 06:25:53 PM - Building main.tcl...
02/09/11 06:25:53 PM - Refreshing file groups...
02/09/11 06:25:53 PM - Getting file list...
02/09/11 06:25:53 PM - Building file manifest...
02/09/11 06:25:53 PM - Saving install information...
02/09/11 06:25:55 PM - Building install...
02/09/11 06:25:55 PM - Building install executable...
02/09/11 06:25:55 PM - Linux x86 build completed in 00m02s.
02/09/11 06:25:55 PM - Installer size is 2.87 MB.
02/09/11 06:25:55 PM - Building Windows install...  
02/09/11 06:25:55 PM - Building main.tcl...
02/09/11 06:25:55 PM - Getting file list...
02/09/11 06:25:56 PM - Building file manifest...
02/09/11 06:25:56 PM - Saving install information...
02/09/11 06:25:57 PM - Building install...
02/09/11 06:25:57 PM - Building install executable...
02/09/11 06:26:03 PM - Windows build completed in 00m08s.
02/09/11 06:26:03 PM - Installer size is 3.03 MB.
02/09/11 06:26:03 PM - Build completed in 00m10s.
